[CLUSTER] [2025-05-06 15:01:08] [SELECTED NODE] http://localhost:5001 → Score: 111942.89 | Free: 112142.89 MB | Chunks: 4
[CLUSTER] [2025-05-06 15:01:08] Forwarded 2401.12954v1.pdf_chunk00000 to http://localhost:5001
[CLUSTER] [2025-05-06 15:02:59] [SELECTED NODE] http://localhost:5001 → Score: 111895.79 | Free: 112145.79 MB | Chunks: 5
[CLUSTER] [2025-05-06 15:02:59] Forwarded sample1.pdf_chunk00000 to http://localhost:5001
[CLUSTER] [2025-05-06 15:05:38] [SELECTED NODE] http://localhost:5001 → Score: 111911.11 | Free: 112161.11 MB | Chunks: 5
[CLUSTER] [2025-05-06 15:05:38] Forwarded 2401.12954v1.pdf_chunk00000 to http://localhost:5001
[CLUSTER] [2025-05-06 15:07:12] [SELECTED NODE] http://localhost:5002 → Score: 111911.59 | Free: 112161.59 MB | Chunks: 5
[CLUSTER] [2025-05-06 15:07:12] Forwarded sample2.pdf_chunk00000 to http://localhost:5002
[CLUSTER] [2025-05-06 15:11:28] [SELECTED NODE] http://localhost:5001 → Score: 111919.67 | Free: 112169.67 MB | Chunks: 5
[CLUSTER] [2025-05-06 15:11:28] Forwarded sample3.pdf_chunk00000 to http://localhost:5001
[CLUSTER] [2025-05-06 15:13:14] [SELECTED NODE] http://localhost:5003 → Score: 111883.48 | Free: 112133.48 MB | Chunks: 5
[CLUSTER] [2025-05-06 15:13:14] Forwarded Fture City.jpg_chunk00000 to http://localhost:5003
[CLUSTER] [2025-05-06 16:46:16] [SELECTED NODE] http://localhost:5003 → Score: 111754.17 | Free: 112054.17 MB | Chunks: 6
[CLUSTER] [2025-05-06 16:46:16] Forwarded sample1.pdf_chunk00000 to http://localhost:5003
[CLUSTER] [2025-05-06 16:46:31] [SELECTED NODE] http://localhost:5002 → Score: 111753.74 | Free: 112053.74 MB | Chunks: 6
[CLUSTER] [2025-05-06 16:46:31] Forwarded Fture City.jpg_chunk00000 to http://localhost:5002
[CLUSTER] [2025-05-06 21:44:35] [SELECTED NODE] http://localhost:5002 → Score: 111986.46 | Free: 111986.46 MB | Chunks: 0
[CLUSTER] [2025-05-06 21:44:35] Forwarded sample2.pdf_chunk00000 to http://localhost:5002
[CLUSTER] [2025-05-06 21:45:00] [SELECTED NODE] http://localhost:5002 → Score: 111933.24 | Free: 111983.24 MB | Chunks: 1
[CLUSTER] [2025-05-06 21:45:00] Forwarded 2401.12954v1.pdf_chunk00000 to http://localhost:5002
[CLUSTER] [2025-05-07 00:01:17] [SELECTED NODE] http://localhost:5002 → Score: 109634.21
[CLUSTER] [2025-05-07 00:01:17] Forwarded A Survey on Efficient Inference for Large Language Models.pdf_chunk00000 to http://localhost:5002
[CLUSTER] [2025-05-07 00:01:17] [SELECTED NODE] http://localhost:5002 → Score: 109634.21
[CLUSTER] [2025-05-07 00:01:17] Forwarded A Survey on Efficient Inference for Large Language Models.pdf_chunk00001 to http://localhost:5002
[CLUSTER] [2025-05-07 00:06:57] [SELECTED NODE] http://localhost:5002 → Score: 109544.08
[CLUSTER] [2025-05-07 00:06:57] Forwarded AlphaMaze.pdf_chunk00000 to http://localhost:5002
[CLUSTER] [2025-05-07 00:10:12] [SELECTED NODE] http://localhost:5001 → Score: 109476.17
[CLUSTER] [2025-05-07 00:10:12] Forwarded Deep Reinforcement Learning from Human Preferences.pdf_chunk00000 to http://localhost:5001
[CLUSTER] [2025-05-07 00:10:12] [SELECTED NODE] http://localhost:5003 → Score: 109476.17
[CLUSTER] [2025-05-07 00:10:12] Forwarded Deep Reinforcement Learning from Human Preferences.pdf_chunk00001 to http://localhost:5003
[CLUSTER] [2025-05-07 00:10:12] [SELECTED NODE] http://localhost:5001 → Score: 109476.17
[CLUSTER] [2025-05-07 00:10:12] Forwarded Deep Reinforcement Learning from Human Preferences.pdf_chunk00002 to http://localhost:5001
[CLUSTER] [2025-05-07 00:10:12] [SELECTED NODE] http://localhost:5002 → Score: 109476.17
[CLUSTER] [2025-05-07 00:10:12] Forwarded Deep Reinforcement Learning from Human Preferences.pdf_chunk00003 to http://localhost:5002
[CLUSTER] [2025-05-07 00:13:23] [SELECTED NODE] http://localhost:5001 → Score: 109325.35
[CLUSTER] [2025-05-07 00:13:23] Forwarded AlphaMaze.pdf_chunk00000 to http://localhost:5001
[CLUSTER] [2025-05-07 00:18:05] [SELECTED NODE] http://localhost:5002 → Score: 109372.5
[CLUSTER] [2025-05-07 00:18:05] Forwarded A Survey on Efficient Inference for Large Language Models.pdf_chunk00000 to http://localhost:5002
[CLUSTER] [2025-05-07 00:18:05] [SELECTED NODE] http://localhost:5002 → Score: 109372.5
[CLUSTER] [2025-05-07 00:18:05] Forwarded A Survey on Efficient Inference for Large Language Models.pdf_chunk00001 to http://localhost:5002
[CLUSTER] [2025-05-07 00:18:52] [SELECTED NODE] http://localhost:5001 → Score: 109479.96
[CLUSTER] [2025-05-07 00:18:52] Forwarded AlphaMaze.pdf_chunk00000 to http://localhost:5001
[CLUSTER] [2025-05-07 00:20:50] [SELECTED NODE] http://localhost:5002 → Score: 109475.64
[CLUSTER] [2025-05-07 00:20:50] Forwarded AlphaMaze.pdf_chunk00000 to http://localhost:5002
[CLUSTER] [2025-05-07 00:43:06] [SELECTED NODE] http://localhost:5001 → Score: 108740.43
[CLUSTER] [2025-05-07 00:43:06] Forwarded A Survey on Efficient Inference for Large Language Models.pdf_chunk00000 to http://localhost:5001
[CLUSTER] [2025-05-07 00:43:06] [SELECTED NODE] http://localhost:5003 → Score: 108740.43
[CLUSTER] [2025-05-07 00:43:06] Forwarded A Survey on Efficient Inference for Large Language Models.pdf_chunk00001 to http://localhost:5003
[CLUSTER] [2025-05-07 00:43:21] [SELECTED NODE] http://localhost:5001 → Score: 108636.83
[CLUSTER] [2025-05-07 00:43:21] Forwarded AI-Enabled_Deployment_Automation_for_6G_Space-Air-Ground_Integrated_Networks_Challenges_Design_and_Outlook.pdf_chunk00000 to http://localhost:5001
[CLUSTER] [2025-05-07 00:43:21] [SELECTED NODE] http://localhost:5003 → Score: 108636.83
[CLUSTER] [2025-05-07 00:43:21] Forwarded AI-Enabled_Deployment_Automation_for_6G_Space-Air-Ground_Integrated_Networks_Challenges_Design_and_Outlook.pdf_chunk00001 to http://localhost:5003
[CLUSTER] [2025-05-07 00:43:21] [SELECTED NODE] http://localhost:5003 → Score: 108636.83
[CLUSTER] [2025-05-07 00:43:21] Forwarded AI-Enabled_Deployment_Automation_for_6G_Space-Air-Ground_Integrated_Networks_Challenges_Design_and_Outlook.pdf_chunk00002 to http://localhost:5003
[CLUSTER] [2025-05-07 00:43:21] [SELECTED NODE] http://localhost:5003 → Score: 108636.83
[CLUSTER] [2025-05-07 00:43:21] Forwarded AI-Enabled_Deployment_Automation_for_6G_Space-Air-Ground_Integrated_Networks_Challenges_Design_and_Outlook.pdf_chunk00003 to http://localhost:5003
[CLUSTER] [2025-05-07 00:43:21] [SELECTED NODE] http://localhost:5002 → Score: 108636.83
[CLUSTER] [2025-05-07 00:43:21] Forwarded AI-Enabled_Deployment_Automation_for_6G_Space-Air-Ground_Integrated_Networks_Challenges_Design_and_Outlook.pdf_chunk00004 to http://localhost:5002
[CLUSTER] [2025-05-07 00:52:30] [SELECTED NODE] http://localhost:5001 → Score: 108331.86
[CLUSTER] [2025-05-07 00:52:30] Forwarded An Image Is Worth 16X16 Words- Transformers For Image Recognition At Scale.pdf_chunk00000 to http://localhost:5001
[CLUSTER] [2025-05-07 00:52:30] [SELECTED NODE] http://localhost:5003 → Score: 108331.86
[CLUSTER] [2025-05-07 00:52:30] Forwarded An Image Is Worth 16X16 Words- Transformers For Image Recognition At Scale.pdf_chunk00001 to http://localhost:5003
[CLUSTER] [2025-05-07 00:52:30] [SELECTED NODE] http://localhost:5003 → Score: 108331.86
[CLUSTER] [2025-05-07 00:52:30] Forwarded An Image Is Worth 16X16 Words- Transformers For Image Recognition At Scale.pdf_chunk00002 to http://localhost:5003
[CLUSTER] [2025-05-07 00:52:30] [SELECTED NODE] http://localhost:5002 → Score: 108331.86
[CLUSTER] [2025-05-07 00:52:30] Forwarded An Image Is Worth 16X16 Words- Transformers For Image Recognition At Scale.pdf_chunk00003 to http://localhost:5002
[CLUSTER] [2025-05-07 00:52:42] [SELECTED NODE] http://localhost:5001 → Score: 108119.9
[CLUSTER] [2025-05-07 00:52:42] Forwarded Attention Is All You Need.pdf_chunk00000 to http://localhost:5001
[CLUSTER] [2025-05-07 00:52:42] [SELECTED NODE] http://localhost:5002 → Score: 108119.9
[CLUSTER] [2025-05-07 00:52:42] Forwarded Attention Is All You Need.pdf_chunk00001 to http://localhost:5002
[CLUSTER] [2025-05-07 00:52:42] [SELECTED NODE] http://localhost:5003 → Score: 108119.9
[CLUSTER] [2025-05-07 00:52:42] Forwarded Attention Is All You Need.pdf_chunk00002 to http://localhost:5003
[CLUSTER] [2025-05-07 00:52:53] [SELECTED NODE] http://localhost:5001 → Score: 107965.45
[CLUSTER] [2025-05-07 00:52:53] Forwarded Deep Reinforcement Learning from Human Preferences.pdf_chunk00000 to http://localhost:5001
[CLUSTER] [2025-05-07 00:52:53] [SELECTED NODE] http://localhost:5002 → Score: 107965.45
[CLUSTER] [2025-05-07 00:52:53] Forwarded Deep Reinforcement Learning from Human Preferences.pdf_chunk00001 to http://localhost:5002
[CLUSTER] [2025-05-07 00:52:53] [SELECTED NODE] http://localhost:5002 → Score: 107965.45
[CLUSTER] [2025-05-07 00:52:53] Forwarded Deep Reinforcement Learning from Human Preferences.pdf_chunk00002 to http://localhost:5002
[CLUSTER] [2025-05-07 00:52:53] [SELECTED NODE] http://localhost:5001 → Score: 107965.45
[CLUSTER] [2025-05-07 00:52:53] Forwarded Deep Reinforcement Learning from Human Preferences.pdf_chunk00003 to http://localhost:5001
[CLUSTER] [2025-05-07 00:53:04] [SELECTED NODE] http://localhost:5003 → Score: 107949.85
[CLUSTER] [2025-05-07 00:53:04] Forwarded Denoising Diffusion Probabilistic Models.pdf_chunk00000 to http://localhost:5003
[CLUSTER] [2025-05-07 00:53:04] [SELECTED NODE] http://localhost:5003 → Score: 107949.85
[CLUSTER] [2025-05-07 00:53:04] Forwarded Denoising Diffusion Probabilistic Models.pdf_chunk00001 to http://localhost:5003
[CLUSTER] [2025-05-07 00:53:04] [SELECTED NODE] http://localhost:5001 → Score: 107949.85
[CLUSTER] [2025-05-07 00:53:04] Forwarded Denoising Diffusion Probabilistic Models.pdf_chunk00002 to http://localhost:5001
[CLUSTER] [2025-05-07 00:53:04] [SELECTED NODE] http://localhost:5003 → Score: 107949.85
[CLUSTER] [2025-05-07 00:53:04] Forwarded Denoising Diffusion Probabilistic Models.pdf_chunk00003 to http://localhost:5003
[CLUSTER] [2025-05-07 00:53:04] [SELECTED NODE] http://localhost:5002 → Score: 107949.85
[CLUSTER] [2025-05-07 00:53:04] Forwarded Denoising Diffusion Probabilistic Models.pdf_chunk00004 to http://localhost:5002
[CLUSTER] [2025-05-07 00:53:04] [SELECTED NODE] http://localhost:5003 → Score: 107949.85
[CLUSTER] [2025-05-07 00:53:04] Forwarded Denoising Diffusion Probabilistic Models.pdf_chunk00005 to http://localhost:5003
[CLUSTER] [2025-05-07 00:53:04] [SELECTED NODE] http://localhost:5003 → Score: 107949.85
[CLUSTER] [2025-05-07 00:53:04] Forwarded Denoising Diffusion Probabilistic Models.pdf_chunk00006 to http://localhost:5003
[CLUSTER] [2025-05-07 00:53:04] [SELECTED NODE] http://localhost:5002 → Score: 107949.85
[CLUSTER] [2025-05-07 00:53:04] Forwarded Denoising Diffusion Probabilistic Models.pdf_chunk00007 to http://localhost:5002
[CLUSTER] [2025-05-07 00:53:04] [SELECTED NODE] http://localhost:5003 → Score: 107949.85
[CLUSTER] [2025-05-07 00:53:04] Forwarded Denoising Diffusion Probabilistic Models.pdf_chunk00008 to http://localhost:5003
[CLUSTER] [2025-05-07 00:53:04] [SELECTED NODE] http://localhost:5001 → Score: 107949.85
[CLUSTER] [2025-05-07 00:53:04] Forwarded Denoising Diffusion Probabilistic Models.pdf_chunk00009 to http://localhost:5001
[CLUSTER] [2025-05-07 00:53:16] [SELECTED NODE] http://localhost:5001 → Score: 107433.27
[CLUSTER] [2025-05-07 00:53:16] Forwarded Generative AI at Work.pdf_chunk00000 to http://localhost:5001
[CLUSTER] [2025-05-07 00:53:16] [SELECTED NODE] http://localhost:5002 → Score: 107433.27
[CLUSTER] [2025-05-07 00:53:16] Forwarded Generative AI at Work.pdf_chunk00001 to http://localhost:5002
[CLUSTER] [2025-05-07 00:53:16] [SELECTED NODE] http://localhost:5002 → Score: 107433.27
[CLUSTER] [2025-05-07 00:53:16] Forwarded Generative AI at Work.pdf_chunk00002 to http://localhost:5002
[CLUSTER] [2025-05-07 00:53:16] [SELECTED NODE] http://localhost:5001 → Score: 107433.27
[CLUSTER] [2025-05-07 00:53:16] Forwarded Generative AI at Work.pdf_chunk00003 to http://localhost:5001
[CLUSTER] [2025-05-07 00:53:28] [SELECTED NODE] http://localhost:5003 → Score: 107288.22
[CLUSTER] [2025-05-07 00:53:28] Forwarded GPT (Generative Pre-trained Transformer).pdf_chunk00000 to http://localhost:5003
[CLUSTER] [2025-05-07 00:53:28] [SELECTED NODE] http://localhost:5003 → Score: 107288.22
[CLUSTER] [2025-05-07 00:53:28] Forwarded GPT (Generative Pre-trained Transformer).pdf_chunk00001 to http://localhost:5003
[CLUSTER] [2025-05-07 00:53:28] [SELECTED NODE] http://localhost:5002 → Score: 107288.22
[CLUSTER] [2025-05-07 00:53:28] Forwarded GPT (Generative Pre-trained Transformer).pdf_chunk00002 to http://localhost:5002
[CLUSTER] [2025-05-07 00:53:28] [SELECTED NODE] http://localhost:5001 → Score: 107288.22
[CLUSTER] [2025-05-07 00:53:28] Forwarded GPT (Generative Pre-trained Transformer).pdf_chunk00003 to http://localhost:5001
[CLUSTER] [2025-05-07 00:53:58] [SELECTED NODE] http://localhost:5002 → Score: 107080.31
[CLUSTER] [2025-05-07 00:53:58] Forwarded Large Language Model Partitioning for Low-Latency Inference at the Edge.pdf_chunk00000 to http://localhost:5002
[CLUSTER] [2025-05-07 00:54:09] [SELECTED NODE] http://localhost:5002 → Score: 107025.42
[CLUSTER] [2025-05-07 00:54:09] Forwarded Meta Prompting- Task AgnosticScaffolding.pdf_chunk00000 to http://localhost:5002
[CLUSTER] [2025-05-07 00:54:28] [SELECTED NODE] http://localhost:5003 → Score: 106972.77
[CLUSTER] [2025-05-07 00:54:28] Forwarded Meta-Learning and Knowledge Discovery based Physics-Informed Neural Network for Remaining Useful Life Prediction.pdf_chunk00000 to http://localhost:5003
[CLUSTER] [2025-05-07 00:54:28] [SELECTED NODE] http://localhost:5002 → Score: 106972.77
[CLUSTER] [2025-05-07 00:54:28] Forwarded Meta-Learning and Knowledge Discovery based Physics-Informed Neural Network for Remaining Useful Life Prediction.pdf_chunk00001 to http://localhost:5002
[CLUSTER] [2025-05-07 00:54:28] [SELECTED NODE] http://localhost:5002 → Score: 106972.77
[CLUSTER] [2025-05-07 00:54:28] Forwarded Meta-Learning and Knowledge Discovery based Physics-Informed Neural Network for Remaining Useful Life Prediction.pdf_chunk00002 to http://localhost:5002
[CLUSTER] [2025-05-07 00:54:28] [SELECTED NODE] http://localhost:5003 → Score: 106972.77
[CLUSTER] [2025-05-07 00:54:28] Forwarded Meta-Learning and Knowledge Discovery based Physics-Informed Neural Network for Remaining Useful Life Prediction.pdf_chunk00003 to http://localhost:5003
[CLUSTER] [2025-05-07 00:55:07] [SELECTED NODE] http://localhost:5001 → Score: 106760.94
[CLUSTER] [2025-05-07 00:55:07] Forwarded Representation Learning- A Review and New Perspectives.pdf_chunk00000 to http://localhost:5001
[CLUSTER] [2025-05-07 00:55:07] [SELECTED NODE] http://localhost:5001 → Score: 106760.94
[CLUSTER] [2025-05-07 00:55:07] Forwarded Representation Learning- A Review and New Perspectives.pdf_chunk00001 to http://localhost:5001
[CLUSTER] [2025-05-07 00:55:18] [SELECTED NODE] http://localhost:5003 → Score: 106657.44
[CLUSTER] [2025-05-07 00:55:18] Forwarded Tree of Thoughts.pdf_chunk00000 to http://localhost:5003
[CLUSTER] [2025-05-07 16:18:11] [SELECTED NODE] http://localhost:5002 → Score: 104696.99
[CLUSTER] [2025-05-07 16:18:11] Forwarded AlphaMaze.pdf_chunk00000 to http://localhost:5002
