[GLOBAL] [2025-05-06 14:45:28] Clusters configured: ['cluster_1', 'cluster_2']
[GLOBAL] [2025-05-06 15:01:08] Cluster selected: cluster_1 with 336428.67 MB free
[GLOBAL] [2025-05-06 15:01:08] Forwarded 2401.12954v1.pdf_chunk00000 to cluster_1
[GLOBAL] [2025-05-06 15:02:59] Cluster selected: cluster_1 with 336437.37 MB free
[GLOBAL] [2025-05-06 15:02:59] Forwarded sample1.pdf_chunk00000 to cluster_1
[GLOBAL] [2025-05-06 15:05:38] Cluster selected: cluster_1 with 336483.33 MB free
[GLOBAL] [2025-05-06 15:05:38] Forwarded 2401.12954v1.pdf_chunk00000 to cluster_1
[GLOBAL] [2025-05-06 15:07:12] Cluster selected: cluster_1 with 336484.77 MB free
[GLOBAL] [2025-05-06 15:07:12] Forwarded sample2.pdf_chunk00000 to cluster_1
[GLOBAL] [2025-05-06 15:11:28] Cluster selected: cluster_1 with 336509.01 MB free
[GLOBAL] [2025-05-06 15:11:28] Forwarded sample3.pdf_chunk00000 to cluster_1
[GLOBAL] [2025-05-06 15:13:14] Cluster selected: cluster_1 with 336400.44 MB free
[GLOBAL] [2025-05-06 15:13:14] Forwarded Fture City.jpg_chunk00000 to cluster_1
[GLOBAL] [2025-05-06 16:46:16] Cluster selected: cluster_1 with 336162.51 MB free
[GLOBAL] [2025-05-06 16:46:16] Forwarded sample1.pdf_chunk00000 to cluster_1
[GLOBAL] [2025-05-06 16:46:31] Cluster selected: cluster_1 with 336161.22000000003 MB free
[GLOBAL] [2025-05-06 16:46:31] Forwarded Fture City.jpg_chunk00000 to cluster_1
[GLOBAL] [2025-05-06 21:44:35] Cluster selected: cluster_1 with 335959.38 MB free
[GLOBAL] [2025-05-06 21:44:35] Forwarded sample2.pdf_chunk00000 to cluster_1
[GLOBAL] [2025-05-06 21:45:00] Cluster selected: cluster_1 with 335949.72000000003 MB free
[GLOBAL] [2025-05-06 21:45:00] Forwarded 2401.12954v1.pdf_chunk00000 to cluster_1
[GLOBAL] [2025-05-06 22:13:36] Clusters configured: ['cluster_1', 'cluster_2', 'cluster_3']
[GLOBAL] [2025-05-06 22:13:36] Clusters configured: ['cluster_1', 'cluster_2', 'cluster_3']
[GLOBAL] [2025-05-06 22:16:35] Clusters configured: ['cluster_1', 'cluster_2', 'cluster_3']
[GLOBAL] [2025-05-06 22:16:46] Clusters configured: ['cluster_1', 'cluster_2', 'cluster_3']
[GLOBAL] [2025-05-06 22:16:47] Clusters configured: ['cluster_1', 'cluster_2', 'cluster_3']
[GLOBAL] [2025-05-06 22:40:08] Clusters configured: ['cluster_1', 'cluster_2', 'cluster_3']
[GLOBAL] [2025-05-06 22:40:08] Clusters configured: ['cluster_1', 'cluster_2', 'cluster_3']
[GLOBAL] [2025-05-06 23:21:16] Clusters configured: ['cluster_1', 'cluster_2', 'cluster_3']
[GLOBAL] [2025-05-06 23:55:50] Clusters configured: ['cluster_1', 'cluster_2', 'cluster_3']
[GLOBAL] [2025-05-07 00:00:04] Clusters configured: ['cluster_1', 'cluster_2', 'cluster_3']
[GLOBAL] [2025-05-07 00:00:05] Clusters configured: ['cluster_1', 'cluster_2', 'cluster_3']
[GLOBAL] [2025-05-07 00:01:17] Forwarded A Survey on Efficient Inference for Large Language Models.pdf_chunk00000 to cluster_1
[GLOBAL] [2025-05-07 00:01:17] Forwarded A Survey on Efficient Inference for Large Language Models.pdf_chunk00001 to cluster_1
[GLOBAL] [2025-05-07 00:06:22] Clusters configured: ['cluster_1', 'cluster_2', 'cluster_3']
[GLOBAL] [2025-05-07 00:06:57] Forwarded AlphaMaze.pdf_chunk00000 to cluster_1
[GLOBAL] [2025-05-07 00:09:44] Clusters configured: ['cluster_1', 'cluster_2', 'cluster_3']
[GLOBAL] [2025-05-07 00:10:12] Forwarded Deep Reinforcement Learning from Human Preferences.pdf_chunk00000 to cluster_1
[GLOBAL] [2025-05-07 00:10:12] Forwarded Deep Reinforcement Learning from Human Preferences.pdf_chunk00001 to cluster_1
[GLOBAL] [2025-05-07 00:10:12] Forwarded Deep Reinforcement Learning from Human Preferences.pdf_chunk00002 to cluster_1
[GLOBAL] [2025-05-07 00:10:12] Forwarded Deep Reinforcement Learning from Human Preferences.pdf_chunk00003 to cluster_1
[GLOBAL] [2025-05-07 00:10:45] Clusters configured: ['cluster_1', 'cluster_2', 'cluster_3']
[GLOBAL] [2025-05-07 00:10:46] Clusters configured: ['cluster_1', 'cluster_2', 'cluster_3']
[GLOBAL] [2025-05-07 00:10:49] Clusters configured: ['cluster_1', 'cluster_2', 'cluster_3']
[GLOBAL] [2025-05-07 00:13:23] Forwarded AlphaMaze.pdf_chunk00000 to cluster_1
[GLOBAL] [2025-05-07 00:17:16] Clusters configured: ['cluster_1', 'cluster_2', 'cluster_3']
[GLOBAL] [2025-05-07 00:18:05] Forwarded A Survey on Efficient Inference for Large Language Models.pdf_chunk00000 to cluster_1
[GLOBAL] [2025-05-07 00:18:05] Forwarded A Survey on Efficient Inference for Large Language Models.pdf_chunk00001 to cluster_1
[GLOBAL] [2025-05-07 00:18:28] Clusters configured: ['cluster_1', 'cluster_2', 'cluster_3']
[GLOBAL] [2025-05-07 00:18:52] Forwarded AlphaMaze.pdf_chunk00000 to cluster_1
[GLOBAL] [2025-05-07 00:20:50] Forwarded AlphaMaze.pdf_chunk00000 to cluster_1
[GLOBAL] [2025-05-07 00:43:06] Forwarded A Survey on Efficient Inference for Large Language Models.pdf_chunk00000 to cluster_1
[GLOBAL] [2025-05-07 00:43:06] Forwarded A Survey on Efficient Inference for Large Language Models.pdf_chunk00001 to cluster_1
[GLOBAL] [2025-05-07 00:43:21] Forwarded AI-Enabled_Deployment_Automation_for_6G_Space-Air-Ground_Integrated_Networks_Challenges_Design_and_Outlook.pdf_chunk00000 to cluster_1
[GLOBAL] [2025-05-07 00:43:21] Forwarded AI-Enabled_Deployment_Automation_for_6G_Space-Air-Ground_Integrated_Networks_Challenges_Design_and_Outlook.pdf_chunk00001 to cluster_1
[GLOBAL] [2025-05-07 00:43:21] Forwarded AI-Enabled_Deployment_Automation_for_6G_Space-Air-Ground_Integrated_Networks_Challenges_Design_and_Outlook.pdf_chunk00002 to cluster_1
[GLOBAL] [2025-05-07 00:43:21] Forwarded AI-Enabled_Deployment_Automation_for_6G_Space-Air-Ground_Integrated_Networks_Challenges_Design_and_Outlook.pdf_chunk00003 to cluster_1
[GLOBAL] [2025-05-07 00:43:21] Forwarded AI-Enabled_Deployment_Automation_for_6G_Space-Air-Ground_Integrated_Networks_Challenges_Design_and_Outlook.pdf_chunk00004 to cluster_1
[GLOBAL] [2025-05-07 00:52:30] Forwarded An Image Is Worth 16X16 Words- Transformers For Image Recognition At Scale.pdf_chunk00000 to cluster_1
[GLOBAL] [2025-05-07 00:52:30] Forwarded An Image Is Worth 16X16 Words- Transformers For Image Recognition At Scale.pdf_chunk00001 to cluster_1
[GLOBAL] [2025-05-07 00:52:30] Forwarded An Image Is Worth 16X16 Words- Transformers For Image Recognition At Scale.pdf_chunk00002 to cluster_1
[GLOBAL] [2025-05-07 00:52:30] Forwarded An Image Is Worth 16X16 Words- Transformers For Image Recognition At Scale.pdf_chunk00003 to cluster_1
[GLOBAL] [2025-05-07 00:52:42] Forwarded Attention Is All You Need.pdf_chunk00000 to cluster_1
[GLOBAL] [2025-05-07 00:52:42] Forwarded Attention Is All You Need.pdf_chunk00001 to cluster_1
[GLOBAL] [2025-05-07 00:52:42] Forwarded Attention Is All You Need.pdf_chunk00002 to cluster_1
[GLOBAL] [2025-05-07 00:52:53] Forwarded Deep Reinforcement Learning from Human Preferences.pdf_chunk00000 to cluster_1
[GLOBAL] [2025-05-07 00:52:53] Forwarded Deep Reinforcement Learning from Human Preferences.pdf_chunk00001 to cluster_1
[GLOBAL] [2025-05-07 00:52:53] Forwarded Deep Reinforcement Learning from Human Preferences.pdf_chunk00002 to cluster_1
[GLOBAL] [2025-05-07 00:52:53] Forwarded Deep Reinforcement Learning from Human Preferences.pdf_chunk00003 to cluster_1
[GLOBAL] [2025-05-07 00:53:04] Forwarded Denoising Diffusion Probabilistic Models.pdf_chunk00000 to cluster_1
[GLOBAL] [2025-05-07 00:53:04] Forwarded Denoising Diffusion Probabilistic Models.pdf_chunk00001 to cluster_1
[GLOBAL] [2025-05-07 00:53:04] Forwarded Denoising Diffusion Probabilistic Models.pdf_chunk00002 to cluster_1
[GLOBAL] [2025-05-07 00:53:04] Forwarded Denoising Diffusion Probabilistic Models.pdf_chunk00003 to cluster_1
[GLOBAL] [2025-05-07 00:53:04] Forwarded Denoising Diffusion Probabilistic Models.pdf_chunk00004 to cluster_1
[GLOBAL] [2025-05-07 00:53:04] Forwarded Denoising Diffusion Probabilistic Models.pdf_chunk00005 to cluster_1
[GLOBAL] [2025-05-07 00:53:04] Forwarded Denoising Diffusion Probabilistic Models.pdf_chunk00006 to cluster_1
[GLOBAL] [2025-05-07 00:53:04] Forwarded Denoising Diffusion Probabilistic Models.pdf_chunk00007 to cluster_1
[GLOBAL] [2025-05-07 00:53:04] Forwarded Denoising Diffusion Probabilistic Models.pdf_chunk00008 to cluster_1
[GLOBAL] [2025-05-07 00:53:04] Forwarded Denoising Diffusion Probabilistic Models.pdf_chunk00009 to cluster_1
[GLOBAL] [2025-05-07 00:53:16] Forwarded Generative AI at Work.pdf_chunk00000 to cluster_1
[GLOBAL] [2025-05-07 00:53:16] Forwarded Generative AI at Work.pdf_chunk00001 to cluster_1
[GLOBAL] [2025-05-07 00:53:16] Forwarded Generative AI at Work.pdf_chunk00002 to cluster_1
[GLOBAL] [2025-05-07 00:53:16] Forwarded Generative AI at Work.pdf_chunk00003 to cluster_1
[GLOBAL] [2025-05-07 00:53:28] Forwarded GPT (Generative Pre-trained Transformer).pdf_chunk00000 to cluster_1
[GLOBAL] [2025-05-07 00:53:28] Forwarded GPT (Generative Pre-trained Transformer).pdf_chunk00001 to cluster_1
[GLOBAL] [2025-05-07 00:53:28] Forwarded GPT (Generative Pre-trained Transformer).pdf_chunk00002 to cluster_1
[GLOBAL] [2025-05-07 00:53:28] Forwarded GPT (Generative Pre-trained Transformer).pdf_chunk00003 to cluster_1
[GLOBAL] [2025-05-07 00:53:58] Forwarded Large Language Model Partitioning for Low-Latency Inference at the Edge.pdf_chunk00000 to cluster_1
[GLOBAL] [2025-05-07 00:54:09] Forwarded Meta Prompting- Task AgnosticScaffolding.pdf_chunk00000 to cluster_1
[GLOBAL] [2025-05-07 00:54:28] Forwarded Meta-Learning and Knowledge Discovery based Physics-Informed Neural Network for Remaining Useful Life Prediction.pdf_chunk00000 to cluster_1
[GLOBAL] [2025-05-07 00:54:28] Forwarded Meta-Learning and Knowledge Discovery based Physics-Informed Neural Network for Remaining Useful Life Prediction.pdf_chunk00001 to cluster_1
[GLOBAL] [2025-05-07 00:54:28] Forwarded Meta-Learning and Knowledge Discovery based Physics-Informed Neural Network for Remaining Useful Life Prediction.pdf_chunk00002 to cluster_1
[GLOBAL] [2025-05-07 00:54:28] Forwarded Meta-Learning and Knowledge Discovery based Physics-Informed Neural Network for Remaining Useful Life Prediction.pdf_chunk00003 to cluster_1
[GLOBAL] [2025-05-07 00:55:07] Forwarded Representation Learning- A Review and New Perspectives.pdf_chunk00000 to cluster_1
[GLOBAL] [2025-05-07 00:55:07] Forwarded Representation Learning- A Review and New Perspectives.pdf_chunk00001 to cluster_1
[GLOBAL] [2025-05-07 00:55:18] Forwarded Tree of Thoughts.pdf_chunk00000 to cluster_1
[GLOBAL] [2025-05-07 00:59:28] Clusters configured: ['cluster_1', 'cluster_2', 'cluster_3']
[GLOBAL] [2025-05-07 01:00:24] Clusters configured: ['cluster_1', 'cluster_2', 'cluster_3']
[GLOBAL] [2025-05-07 01:00:27] Clusters configured: ['cluster_1', 'cluster_2', 'cluster_3']
[GLOBAL] [2025-05-07 01:00:29] Clusters configured: ['cluster_1', 'cluster_2', 'cluster_3']
[GLOBAL] [2025-05-07 16:18:11] Forwarded AlphaMaze.pdf_chunk00000 to cluster_1
